This file contains any messages produced by compilers while
running configure, to aid debugging if configure makes a mistake.

It was created by Ical2html configure 2.1, which was
generated by GNU Autoconf 2.65.  Invocation command line was

  $ ./configure 

## --------- ##
## Platform. ##
## --------- ##

hostname = develvm
uname -m = x86_64
uname -r = 4.4.0-21-generic
uname -s = Linux
uname -v = #37-Ubuntu SMP Mon Apr 18 18:33:37 UTC 2016

/usr/bin/uname -p = unknown
/bin/uname -X     = unknown

/bin/arch              = unknown
/usr/bin/arch -k       = unknown
/usr/convex/getsysinfo = unknown
/usr/bin/hostinfo      = unknown
/bin/machine           = unknown
/usr/bin/oslevel       = unknown
/bin/universe          = unknown

PATH: /userData/bin
PATH: /home/vagrant/bin
PATH: /usr/local/sbin
PATH: /usr/local/bin
PATH: /usr/sbin
PATH: /usr/bin
PATH: /sbin
PATH: /bin
PATH: /usr/games
PATH: /usr/local/games


## ----------- ##
## Core tests. ##
## ----------- ##

configure:2199: checking for a BSD-compatible install
configure:2267: result: /usr/bin/install -c
configure:2278: checking whether build environment is sane
configure:2328: result: yes
configure:2469: checking for a thread-safe mkdir -p
configure:2508: result: /bin/mkdir -p
configure:2521: checking for gawk
configure:2537: found /usr/bin/gawk
configure:2548: result: gawk
configure:2559: checking whether make sets $(MAKE)
configure:2581: result: yes
configure:2714: checking for gcc
configure:2730: found /usr/bin/gcc
configure:2741: result: gcc
configure:2970: checking for C compiler version
configure:2979: gcc --version >&5
gcc (Ubuntu 5.4.0-6ubuntu1~16.04.2) 5.4.0 20160609
Copyright (C) 2015 Free Software Foundation, Inc.
This is free software; see the source for copying conditions.  There is NO
warranty; not even for MERCHANTABILITY or FITNESS FOR A PARTICULAR PURPOSE.

configure:2990: $? = 0
configure:2979: gcc -v >&5
Using built-in specs.
COLLECT_GCC=gcc
COLLECT_LTO_WRAPPER=/usr/lib/gcc/x86_64-linux-gnu/5/lto-wrapper
Target: x86_64-linux-gnu
Configured with: ../src/configure -v --with-pkgversion='Ubuntu 5.4.0-6ubuntu1~16.04.2' --with-bugurl=file:///usr/share/doc/gcc-5/README.Bugs --enable-languages=c,ada,c++,java,go,d,fortran,objc,obj-c++ --prefix=/usr --program-suffix=-5 --enable-shared --enable-linker-build-id --libexecdir=/usr/lib --without-included-gettext --enable-threads=posix --libdir=/usr/lib --enable-nls --with-sysroot=/ --enable-clocale=gnu --enable-libstdcxx-debug --enable-libstdcxx-time=yes --with-default-libstdcxx-abi=new --enable-gnu-unique-object --disable-vtable-verify --enable-libmpx --enable-plugin --with-system-zlib --disable-browser-plugin --enable-java-awt=gtk --enable-gtk-cairo --with-java-home=/usr/lib/jvm/java-1.5.0-gcj-5-amd64/jre --enable-java-home --with-jvm-root-dir=/usr/lib/jvm/java-1.5.0-gcj-5-amd64 --with-jvm-jar-dir=/usr/lib/jvm-exports/java-1.5.0-gcj-5-amd64 --with-arch-directory=amd64 --with-ecj-jar=/usr/share/java/eclipse-ecj.jar --enable-objc-gc --enable-multiarch --disable-werror --with-arch-32=i686 --with-abi=m64 --with-multilib-list=m32,m64,mx32 --enable-multilib --with-tune=generic --enable-checking=release --build=x86_64-linux-gnu --host=x86_64-linux-gnu --target=x86_64-linux-gnu
Thread model: posix
gcc version 5.4.0 20160609 (Ubuntu 5.4.0-6ubuntu1~16.04.2) 
configure:2990: $? = 0
configure:2979: gcc -V >&5
gcc: error: unrecognized command line option '-V'
gcc: fatal error: no input files
compilation terminated.
configure:2990: $? = 1
configure:2979: gcc -qversion >&5
gcc: error: unrecognized command line option '-qversion'
gcc: fatal error: no input files
compilation terminated.
configure:2990: $? = 1
configure:3010: checking whether the C compiler works
configure:3032: gcc    conftest.c  >&5
configure:3036: $? = 0
configure:3085: result: yes
configure:3088: checking for C compiler default output file name
configure:3090: result: a.out
configure:3096: checking for suffix of executables
configure:3103: gcc -o conftest    conftest.c  >&5
configure:3107: $? = 0
configure:3129: result: 
configure:3151: checking whether we are cross compiling
configure:3159: gcc -o conftest    conftest.c  >&5
configure:3163: $? = 0
configure:3170: ./conftest
configure:3174: $? = 0
configure:3189: result: no
configure:3194: checking for suffix of object files
configure:3216: gcc -c   conftest.c >&5
configure:3220: $? = 0
configure:3241: result: o
configure:3245: checking whether we are using the GNU C compiler
configure:3264: gcc -c   conftest.c >&5
configure:3264: $? = 0
configure:3273: result: yes
configure:3282: checking whether gcc accepts -g
configure:3302: gcc -c -g  conftest.c >&5
configure:3302: $? = 0
configure:3343: result: yes
configure:3360: checking for gcc option to accept ISO C89
configure:3424: gcc  -c -g -O2  conftest.c >&5
configure:3424: $? = 0
configure:3437: result: none needed
configure:3468: checking for style of include used by make
configure:3496: result: GNU
configure:3521: checking dependency style of gcc
configure:3631: result: gcc3
configure:3646: checking whether make sets $(MAKE)
configure:3668: result: yes
configure:3680: checking for library containing icalparser_new
configure:3711: gcc -o conftest -g -O2   conftest.c  >&5
/tmp/cckasWad.o: In function `main':
/home/vagrant/ical2html-2.1/conftest.c:22: undefined reference to `icalparser_new'
collect2: error: ld returned 1 exit status
configure:3711: $? = 1
configure: failed program was:
| /* confdefs.h */
| #define PACKAGE_NAME "Ical2html"
| #define PACKAGE_TARNAME "ical2html"
| #define PACKAGE_VERSION "2.1"
| #define PACKAGE_STRING "Ical2html 2.1"
| #define PACKAGE_BUGREPORT "bert@w3.org"
| #define PACKAGE_URL ""
| #define PACKAGE "ical2html"
| #define VERSION "2.1"
| /* end confdefs.h.  */
| 
| /* Override any GCC internal prototype to avoid an error.
|    Use char because int might match the return type of a GCC
|    builtin and then its argument prototype would still apply.  */
| #ifdef __cplusplus
| extern "C"
| #endif
| char icalparser_new ();
| int
| main ()
| {
| return icalparser_new ();
|   ;
|   return 0;
| }
configure:3711: gcc -o conftest -g -O2   conftest.c -lical   >&5
configure:3711: $? = 0
configure:3728: result: -lical
configure:3741: checking for library containing icalfileset_new
configure:3772: gcc -o conftest -g -O2   conftest.c -lical  >&5
/tmp/ccRrzz4j.o: In function `main':
/home/vagrant/ical2html-2.1/conftest.c:22: undefined reference to `icalfileset_new'
collect2: error: ld returned 1 exit status
configure:3772: $? = 1
configure: failed program was:
| /* confdefs.h */
| #define PACKAGE_NAME "Ical2html"
| #define PACKAGE_TARNAME "ical2html"
| #define PACKAGE_VERSION "2.1"
| #define PACKAGE_STRING "Ical2html 2.1"
| #define PACKAGE_BUGREPORT "bert@w3.org"
| #define PACKAGE_URL ""
| #define PACKAGE "ical2html"
| #define VERSION "2.1"
| /* end confdefs.h.  */
| 
| /* Override any GCC internal prototype to avoid an error.
|    Use char because int might match the return type of a GCC
|    builtin and then its argument prototype would still apply.  */
| #ifdef __cplusplus
| extern "C"
| #endif
| char icalfileset_new ();
| int
| main ()
| {
| return icalfileset_new ();
|   ;
|   return 0;
| }
configure:3772: gcc -o conftest -g -O2   conftest.c -licalss  -lical  >&5
configure:3772: $? = 0
configure:3789: result: -licalss
configure:3809: checking how to run the C preprocessor
configure:3840: gcc -E  conftest.c
configure:3840: $? = 0
configure:3854: gcc -E  conftest.c
conftest.c:11:28: fatal error: ac_nonexistent.h: No such file or directory
compilation terminated.
configure:3854: $? = 1
configure: failed program was:
| /* confdefs.h */
| #define PACKAGE_NAME "Ical2html"
| #define PACKAGE_TARNAME "ical2html"
| #define PACKAGE_VERSION "2.1"
| #define PACKAGE_STRING "Ical2html 2.1"
| #define PACKAGE_BUGREPORT "bert@w3.org"
| #define PACKAGE_URL ""
| #define PACKAGE "ical2html"
| #define VERSION "2.1"
| /* end confdefs.h.  */
| #include <ac_nonexistent.h>
configure:3879: result: gcc -E
configure:3899: gcc -E  conftest.c
configure:3899: $? = 0
configure:3913: gcc -E  conftest.c
conftest.c:11:28: fatal error: ac_nonexistent.h: No such file or directory
compilation terminated.
configure:3913: $? = 1
configure: failed program was:
| /* confdefs.h */
| #define PACKAGE_NAME "Ical2html"
| #define PACKAGE_TARNAME "ical2html"
| #define PACKAGE_VERSION "2.1"
| #define PACKAGE_STRING "Ical2html 2.1"
| #define PACKAGE_BUGREPORT "bert@w3.org"
| #define PACKAGE_URL ""
| #define PACKAGE "ical2html"
| #define VERSION "2.1"
| /* end confdefs.h.  */
| #include <ac_nonexistent.h>
configure:3942: checking for grep that handles long lines and -e
configure:4000: result: /bin/grep
configure:4005: checking for egrep
configure:4067: result: /bin/grep -E
configure:4072: checking for ANSI C header files
configure:4092: gcc -c -g -O2  conftest.c >&5
configure:4092: $? = 0
configure:4165: gcc -o conftest -g -O2   conftest.c -licalss -lical  >&5
configure:4165: $? = 0
configure:4165: ./conftest
configure:4165: $? = 0
configure:4176: result: yes
configure:4189: checking for sys/types.h
configure:4189: gcc -c -g -O2  conftest.c >&5
configure:4189: $? = 0
configure:4189: result: yes
configure:4189: checking for sys/stat.h
configure:4189: gcc -c -g -O2  conftest.c >&5
configure:4189: $? = 0
configure:4189: result: yes
configure:4189: checking for stdlib.h
configure:4189: gcc -c -g -O2  conftest.c >&5
configure:4189: $? = 0
configure:4189: result: yes
configure:4189: checking for string.h
configure:4189: gcc -c -g -O2  conftest.c >&5
configure:4189: $? = 0
configure:4189: result: yes
configure:4189: checking for memory.h
configure:4189: gcc -c -g -O2  conftest.c >&5
configure:4189: $? = 0
configure:4189: result: yes
configure:4189: checking for strings.h
configure:4189: gcc -c -g -O2  conftest.c >&5
configure:4189: $? = 0
configure:4189: result: yes
configure:4189: checking for inttypes.h
configure:4189: gcc -c -g -O2  conftest.c >&5
configure:4189: $? = 0
configure:4189: result: yes
configure:4189: checking for stdint.h
configure:4189: gcc -c -g -O2  conftest.c >&5
configure:4189: $? = 0
configure:4189: result: yes
configure:4189: checking for unistd.h
configure:4189: gcc -c -g -O2  conftest.c >&5
configure:4189: $? = 0
configure:4189: result: yes
configure:4205: checking for stdlib.h
configure:4205: result: yes
configure:4205: checking for string.h
configure:4205: result: yes
configure:4205: checking for unistd.h
configure:4205: result: yes
configure:4218: checking for an ANSI C-conforming const
configure:4283: gcc -c -g -O2  conftest.c >&5
configure:4283: $? = 0
configure:4290: result: yes
configure:4298: checking for size_t
configure:4298: gcc -c -g -O2  conftest.c >&5
configure:4298: $? = 0
configure:4298: gcc -c -g -O2  conftest.c >&5
conftest.c: In function 'main':
conftest.c:60:21: error: expected expression before ')' token
 if (sizeof ((size_t)))
                     ^
configure:4298: $? = 1
configure: failed program was:
| /* confdefs.h */
| #define PACKAGE_NAME "Ical2html"
| #define PACKAGE_TARNAME "ical2html"
| #define PACKAGE_VERSION "2.1"
| #define PACKAGE_STRING "Ical2html 2.1"
| #define PACKAGE_BUGREPORT "bert@w3.org"
| #define PACKAGE_URL ""
| #define PACKAGE "ical2html"
| #define VERSION "2.1"
| #define STDC_HEADERS 1
| #define HAVE_SYS_TYPES_H 1
| #define HAVE_SYS_STAT_H 1
| #define HAVE_STDLIB_H 1
| #define HAVE_STRING_H 1
| #define HAVE_MEMORY_H 1
| #define HAVE_STRINGS_H 1
| #define HAVE_INTTYPES_H 1
| #define HAVE_STDINT_H 1
| #define HAVE_UNISTD_H 1
| #define HAVE_STDLIB_H 1
| #define HAVE_STRING_H 1
| #define HAVE_UNISTD_H 1
| /* end confdefs.h.  */
| #include <stdio.h>
| #ifdef HAVE_SYS_TYPES_H
| # include <sys/types.h>
| #endif
| #ifdef HAVE_SYS_STAT_H
| # include <sys/stat.h>
| #endif
| #ifdef STDC_HEADERS
| # include <stdlib.h>
| # include <stddef.h>
| #else
| # ifdef HAVE_STDLIB_H
| #  include <stdlib.h>
| # endif
| #endif
| #ifdef HAVE_STRING_H
| # if !defined STDC_HEADERS && defined HAVE_MEMORY_H
| #  include <memory.h>
| # endif
| # include <string.h>
| #endif
| #ifdef HAVE_STRINGS_H
| # include <strings.h>
| #endif
| #ifdef HAVE_INTTYPES_H
| # include <inttypes.h>
| #endif
| #ifdef HAVE_STDINT_H
| # include <stdint.h>
| #endif
| #ifdef HAVE_UNISTD_H
| # include <unistd.h>
| #endif
| int
| main ()
| {
| if (sizeof ((size_t)))
| 	    return 0;
|   ;
|   return 0;
| }
configure:4298: result: yes
configure:4313: checking for stdlib.h
configure:4313: result: yes
configure:4323: checking for GNU libc compatible malloc
configure:4347: gcc -o conftest -g -O2   conftest.c -licalss -lical  >&5
configure:4347: $? = 0
configure:4347: ./conftest
configure:4347: $? = 0
configure:4357: result: yes
configure:4380: checking for stdlib.h
configure:4380: result: yes
configure:4390: checking for GNU libc compatible realloc
configure:4414: gcc -o conftest -g -O2   conftest.c -licalss -lical  >&5
configure:4414: $? = 0
configure:4414: ./conftest
configure:4414: $? = 0
configure:4424: result: yes
configure:4447: checking for vprintf
configure:4447: gcc -o conftest -g -O2   conftest.c -licalss -lical  >&5
conftest.c:51:6: warning: conflicting types for built-in function 'vprintf'
 char vprintf ();
      ^
configure:4447: $? = 0
configure:4447: result: yes
configure:4453: checking for _doprnt
configure:4453: gcc -o conftest -g -O2   conftest.c -licalss -lical  >&5
/tmp/cccleze5.o: In function `main':
/home/vagrant/ical2html-2.1/conftest.c:63: undefined reference to `_doprnt'
collect2: error: ld returned 1 exit status
configure:4453: $? = 1
configure: failed program was:
| /* confdefs.h */
| #define PACKAGE_NAME "Ical2html"
| #define PACKAGE_TARNAME "ical2html"
| #define PACKAGE_VERSION "2.1"
| #define PACKAGE_STRING "Ical2html 2.1"
| #define PACKAGE_BUGREPORT "bert@w3.org"
| #define PACKAGE_URL ""
| #define PACKAGE "ical2html"
| #define VERSION "2.1"
| #define STDC_HEADERS 1
| #define HAVE_SYS_TYPES_H 1
| #define HAVE_SYS_STAT_H 1
| #define HAVE_STDLIB_H 1
| #define HAVE_STRING_H 1
| #define HAVE_MEMORY_H 1
| #define HAVE_STRINGS_H 1
| #define HAVE_INTTYPES_H 1
| #define HAVE_STDINT_H 1
| #define HAVE_UNISTD_H 1
| #define HAVE_STDLIB_H 1
| #define HAVE_STRING_H 1
| #define HAVE_UNISTD_H 1
| #define HAVE_STDLIB_H 1
| #define HAVE_MALLOC 1
| #define HAVE_STDLIB_H 1
| #define HAVE_REALLOC 1
| #define HAVE_VPRINTF 1
| /* end confdefs.h.  */
| /* Define _doprnt to an innocuous variant, in case <limits.h> declares _doprnt.
|    For example, HP-UX 11i <limits.h> declares gettimeofday.  */
| #define _doprnt innocuous__doprnt
| 
| /* System header to define __stub macros and hopefully few prototypes,
|     which can conflict with char _doprnt (); below.
|     Prefer <limits.h> to <assert.h> if __STDC__ is defined, since
|     <limits.h> exists even on freestanding compilers.  */
| 
| #ifdef __STDC__
| # include <limits.h>
| #else
| # include <assert.h>
| #endif
| 
| #undef _doprnt
| 
| /* Override any GCC internal prototype to avoid an error.
|    Use char because int might match the return type of a GCC
|    builtin and then its argument prototype would still apply.  */
| #ifdef __cplusplus
| extern "C"
| #endif
| char _doprnt ();
| /* The GNU C library defines this for functions which it implements
|     to always fail with ENOSYS.  Some functions are actually named
|     something starting with __ and the normal name is an alias.  */
| #if defined __stub__doprnt || defined __stub____doprnt
| choke me
| #endif
| 
| int
| main ()
| {
| return _doprnt ();
|   ;
|   return 0;
| }
configure:4453: result: no
configure:4467: checking for strcasecmp
configure:4467: gcc -o conftest -g -O2   conftest.c -licalss -lical  >&5
conftest.c:52:6: warning: conflicting types for built-in function 'strcasecmp'
 char strcasecmp ();
      ^
configure:4467: $? = 0
configure:4467: result: yes
configure:4467: checking for strdup
configure:4467: gcc -o conftest -g -O2   conftest.c -licalss -lical  >&5
conftest.c:53:6: warning: conflicting types for built-in function 'strdup'
 char strdup ();
      ^
configure:4467: $? = 0
configure:4467: result: yes
configure:4467: checking for strerror
configure:4467: gcc -o conftest -g -O2   conftest.c -licalss -lical  >&5
configure:4467: $? = 0
configure:4467: result: yes
configure:4598: creating ./config.status

## ---------------------- ##
## Running config.status. ##
## ---------------------- ##

This file was extended by Ical2html config.status 2.1, which was
generated by GNU Autoconf 2.65.  Invocation command line was

  CONFIG_FILES    = 
  CONFIG_HEADERS  = 
  CONFIG_LINKS    = 
  CONFIG_COMMANDS = 
  $ ./config.status 

on develvm

config.status:861: creating Makefile
config.status:861: creating config.h
config.status:1081: executing depfiles commands

## ---------------- ##
## Cache variables. ##
## ---------------- ##

ac_cv_c_compiler_gnu=yes
ac_cv_c_const=yes
ac_cv_env_CC_set=
ac_cv_env_CC_value=
ac_cv_env_CFLAGS_set=
ac_cv_env_CFLAGS_value=
ac_cv_env_CPPFLAGS_set=
ac_cv_env_CPPFLAGS_value=
ac_cv_env_CPP_set=
ac_cv_env_CPP_value=
ac_cv_env_LDFLAGS_set=
ac_cv_env_LDFLAGS_value=
ac_cv_env_LIBS_set=
ac_cv_env_LIBS_value=
ac_cv_env_build_alias_set=
ac_cv_env_build_alias_value=
ac_cv_env_host_alias_set=
ac_cv_env_host_alias_value=
ac_cv_env_target_alias_set=
ac_cv_env_target_alias_value=
ac_cv_func__doprnt=no
ac_cv_func_malloc_0_nonnull=yes
ac_cv_func_realloc_0_nonnull=yes
ac_cv_func_strcasecmp=yes
ac_cv_func_strdup=yes
ac_cv_func_strerror=yes
ac_cv_func_vprintf=yes
ac_cv_header_inttypes_h=yes
ac_cv_header_memory_h=yes
ac_cv_header_stdc=yes
ac_cv_header_stdint_h=yes
ac_cv_header_stdlib_h=yes
ac_cv_header_string_h=yes
ac_cv_header_strings_h=yes
ac_cv_header_sys_stat_h=yes
ac_cv_header_sys_types_h=yes
ac_cv_header_unistd_h=yes
ac_cv_objext=o
ac_cv_path_EGREP='/bin/grep -E'
ac_cv_path_GREP=/bin/grep
ac_cv_path_install='/usr/bin/install -c'
ac_cv_path_mkdir=/bin/mkdir
ac_cv_prog_AWK=gawk
ac_cv_prog_CPP='gcc -E'
ac_cv_prog_ac_ct_CC=gcc
ac_cv_prog_cc_c89=
ac_cv_prog_cc_g=yes
ac_cv_prog_make_make_set=yes
ac_cv_search_icalfileset_new=-licalss
ac_cv_search_icalparser_new=-lical
ac_cv_type_size_t=yes
am_cv_CC_dependencies_compiler_type=gcc3

## ----------------- ##
## Output variables. ##
## ----------------- ##

ACLOCAL='${SHELL} /home/vagrant/ical2html-2.1/missing --run aclocal-1.11'
AMDEPBACKSLASH='\'
AMDEP_FALSE='#'
AMDEP_TRUE=''
AMTAR='${SHELL} /home/vagrant/ical2html-2.1/missing --run tar'
AUTOCONF='${SHELL} /home/vagrant/ical2html-2.1/missing --run autoconf'
AUTOHEADER='${SHELL} /home/vagrant/ical2html-2.1/missing --run autoheader'
AUTOMAKE='${SHELL} /home/vagrant/ical2html-2.1/missing --run automake-1.11'
AWK='gawk'
CC='gcc'
CCDEPMODE='depmode=gcc3'
CFLAGS='-g -O2'
CPP='gcc -E'
CPPFLAGS=''
CYGPATH_W='echo'
DEFS='-DHAVE_CONFIG_H'
DEPDIR='.deps'
ECHO_C=''
ECHO_N='-n'
ECHO_T=''
EGREP='/bin/grep -E'
EXEEXT=''
GREP='/bin/grep'
INSTALL_DATA='${INSTALL} -m 644'
INSTALL_PROGRAM='${INSTALL}'
INSTALL_SCRIPT='${INSTALL}'
INSTALL_STRIP_PROGRAM='$(install_sh) -c -s'
LDFLAGS=''
LIBOBJS=''
LIBS='-licalss -lical '
LTLIBOBJS=''
MAKEINFO='${SHELL} /home/vagrant/ical2html-2.1/missing --run makeinfo'
MKDIR_P='/bin/mkdir -p'
OBJEXT='o'
PACKAGE='ical2html'
PACKAGE_BUGREPORT='bert@w3.org'
PACKAGE_NAME='Ical2html'
PACKAGE_STRING='Ical2html 2.1'
PACKAGE_TARNAME='ical2html'
PACKAGE_URL=''
PACKAGE_VERSION='2.1'
PATH_SEPARATOR=':'
SET_MAKE=''
SHELL='/bin/bash'
STRIP=''
VERSION='2.1'
ac_ct_CC='gcc'
am__EXEEXT_FALSE=''
am__EXEEXT_TRUE='#'
am__fastdepCC_FALSE='#'
am__fastdepCC_TRUE=''
am__include='include'
am__isrc=''
am__leading_dot='.'
am__quote=''
am__tar='${AMTAR} chof - "$$tardir"'
am__untar='${AMTAR} xf -'
bindir='${exec_prefix}/bin'
build_alias=''
datadir='${datarootdir}'
datarootdir='${prefix}/share'
docdir='${datarootdir}/doc/${PACKAGE_TARNAME}'
dvidir='${docdir}'
exec_prefix='${prefix}'
host_alias=''
htmldir='${docdir}'
includedir='${prefix}/include'
infodir='${datarootdir}/info'
install_sh='${SHELL} /home/vagrant/ical2html-2.1/install-sh'
libdir='${exec_prefix}/lib'
libexecdir='${exec_prefix}/libexec'
localedir='${datarootdir}/locale'
localstatedir='${prefix}/var'
mandir='${datarootdir}/man'
mkdir_p='/bin/mkdir -p'
oldincludedir='/usr/include'
pdfdir='${docdir}'
prefix='/usr/local'
program_transform_name='s,x,x,'
psdir='${docdir}'
sbindir='${exec_prefix}/sbin'
sharedstatedir='${prefix}/com'
sysconfdir='${prefix}/etc'
target_alias=''

## ----------- ##
## confdefs.h. ##
## ----------- ##

/* confdefs.h */
#define PACKAGE_NAME "Ical2html"
#define PACKAGE_TARNAME "ical2html"
#define PACKAGE_VERSION "2.1"
#define PACKAGE_STRING "Ical2html 2.1"
#define PACKAGE_BUGREPORT "bert@w3.org"
#define PACKAGE_URL ""
#define PACKAGE "ical2html"
#define VERSION "2.1"
#define STDC_HEADERS 1
#define HAVE_SYS_TYPES_H 1
#define HAVE_SYS_STAT_H 1
#define HAVE_STDLIB_H 1
#define HAVE_STRING_H 1
#define HAVE_MEMORY_H 1
#define HAVE_STRINGS_H 1
#define HAVE_INTTYPES_H 1
#define HAVE_STDINT_H 1
#define HAVE_UNISTD_H 1
#define HAVE_STDLIB_H 1
#define HAVE_STRING_H 1
#define HAVE_UNISTD_H 1
#define HAVE_STDLIB_H 1
#define HAVE_MALLOC 1
#define HAVE_STDLIB_H 1
#define HAVE_REALLOC 1
#define HAVE_VPRINTF 1
#define HAVE_STRCASECMP 1
#define HAVE_STRDUP 1
#define HAVE_STRERROR 1

configure: exit 0
